<?xml version="1.0" encoding="UTF-8"?>
<!-- Generated by org.testng.reporters.JUnitReportReporter -->
<testsuite hostname="lgvn181384" failures="0" tests="1" name="searchweather.NewTest" time="3.885" errors="0" timestamp="2021-03-03T21:23:05 ICT" skipped="0">
  <testcase classname="searchweather.NewTest" name="f" time="3.885"/>
  <system-out/>
</testsuite> <!-- searchweather.NewTest -->
