<?xml version="1.0" encoding="UTF-8"?>
<!-- Generated by org.testng.reporters.JUnitReportReporter -->
<testsuite hostname="lgvn181384" failures="0" tests="1" name="searchweather.SearchForecastWeather" time="22.825" errors="0" timestamp="2021-03-08T02:17:36 ICT" skipped="0">
  <testcase classname="searchweather.SearchForecastWeather" name="searchForecastWeather" time="22.825"/>
  <system-out/>
</testsuite> <!-- searchweather.SearchForecastWeather -->
